<?xml version="1.0" encoding="UTF-8"?>
<testng-results ignored="0" total="1" passed="1" failed="0" skipped="0">
  <reporter-output>
  </reporter-output>
  <suite started-at="2023-05-02T20:58:13 CEST" name="Default suite" finished-at="2023-05-02T20:58:16 CEST" duration-ms="3509">
    <groups>
    </groups>
    <test started-at="2023-05-02T20:58:13 CEST" name="Default test" finished-at="2023-05-02T20:58:16 CEST" duration-ms="3509">
      <class name="testingAssignment.handleLongEqua">
        <test-method signature="testLongEquation()[pri:0, instance:testingAssignment.handleLongEqua@2f9f7dcf]" started-at="2023-05-02T20:58:13 CEST" name="testLongEquation" description="Verify that the calculator&#039;s display can handle long equations (over 20 characters) correctly." finished-at="2023-05-02T20:58:16 CEST" duration-ms="3431" status="PASS">
          <reporter-output>
          </reporter-output>
        </test-method> <!-- testLongEquation -->
      </class> <!-- testingAssignment.handleLongEqua -->
    </test> <!-- Default test -->
  </suite> <!-- Default suite -->
</testng-results>
